<?xml version="1.0" encoding="UTF-8"?>
<!-- Generated by org.testng.reporters.JUnitReportReporter -->
<testsuite hostname="DESKTOP-8GRRA8G" failures="0" tests="1" name="febiadminautomationscriptmicroservice.Data" time="19.230" errors="0" timestamp="2023-05-29T10:32:37 IST" skipped="0">
  <testcase classname="febiadminautomationscriptmicroservice.Data" name="DataReportFiles" time="19.230"/>
  <system-out/>
</testsuite> <!-- febiadminautomationscriptmicroservice.Data -->
