<?xml version="1.0" encoding="UTF-8"?>
<!-- Generated by org.testng.reporters.JUnitReportReporter -->
<testsuite hostname="DESKTOP-8GRRA8G" failures="0" tests="2" name="test.ForgetPassword" time="190.112" errors="0" timestamp="2023-05-13T15:27:58 IST" skipped="0">
  <testcase classname="test.ForgetPassword" name="openGmailLogin" time="5.353"/>
  <system-out/>
  <testcase classname="test.ForgetPassword" name="openBrowserAndClickOnForgotPass" time="184.759"/>
  <system-out/>
</testsuite> <!-- test.ForgetPassword -->
