<?xml version="1.0" encoding="UTF-8"?>
<!-- Generated by org.testng.reporters.JUnitReportReporter -->
<testsuite hostname="DESKTOP-8GRRA8G" failures="0" tests="1" name="appFebiai.ForgetPassword" time="15.201" errors="0" timestamp="2023-09-14T11:55:57 IST" skipped="0">
  <testcase classname="appFebiai.ForgetPassword" name="openBrowserAndClickOnForgotPass" time="15.201"/>
  <system-out/>
</testsuite> <!-- appFebiai.ForgetPassword -->
