<?xml version="1.0" encoding="UTF-8"?>
<!-- Generated by org.testng.reporters.JUnitReportReporter -->
<testsuite hostname="DESKTOP-8GRRA8G" failures="0" tests="1" name="DevAppFebi.userManagementUsers" time="84.678" errors="0" timestamp="2023-11-21T15:22:17 IST" skipped="0">
  <testcase classname="DevAppFebi.userManagementUsers" name="usermanagementUsers" time="84.678"/>
  <system-out/>
</testsuite> <!-- DevAppFebi.userManagementUsers -->
