<?xml version="1.0" encoding="UTF-8"?>
<!-- Generated by org.testng.reporters.JUnitReportReporter -->
<testsuite hostname="DESKTOP-8GRRA8G" failures="0" tests="2" name="Smoke.ProductionUserSmoke" time="79.885" errors="0" timestamp="2023-11-08T11:27:28 IST" skipped="0">
  <testcase classname="Smoke.ProductionUserSmoke" name="produser" time="57.185"/>
  <system-out/>
  <testcase classname="Smoke.ProductionUserSmoke" name="ProductionuserLoginUploadInvoiceSuspenseJVFilesReportsFAQHelpcenterLogout" time="22.700"/>
  <system-out/>
</testsuite> <!-- Smoke.ProductionUserSmoke -->
