<?xml version="1.0" encoding="UTF-8"?>
<!-- Generated by org.testng.reporters.JUnitReportReporter -->
<testsuite hostname="DESKTOP-8GRRA8G" failures="0" tests="4" name="test.FileUpload" time="130.088" errors="0" timestamp="2023-05-13T17:36:39 IST" skipped="0">
  <testcase classname="test.FileUpload" name="uploadedDoc" time="43.151"/>
  <system-out/>
  <testcase classname="test.FileUpload" name="uploaddiffway" time="21.678"/>
  <system-out/>
  <testcase classname="test.FileUpload" name="dublicateDoc" time="47.344"/>
  <system-out/>
  <testcase classname="test.FileUpload" name="missingDoc" time="17.915"/>
  <system-out/>
</testsuite> <!-- test.FileUpload -->
