<?xml version="1.0" encoding="UTF-8"?>
<!-- Generated by org.testng.reporters.JUnitReportReporter -->
<testsuite hostname="DESKTOP-8GRRA8G" failures="0" tests="1" name="DevAppFebi.Smoke" time="110.424" errors="0" timestamp="2023-08-03T12:59:06 IST" skipped="0">
  <testcase classname="DevAppFebi.Smoke" name="preprodAdminLoginLogout" time="110.424"/>
  <system-out/>
</testsuite> <!-- DevAppFebi.Smoke -->
