<?xml version="1.0" encoding="UTF-8"?>
<!-- Generated by org.testng.reporters.JUnitReportReporter -->
<testsuite hostname="DESKTOP-8GRRA8G" failures="0" tests="1" name="Smoke.DevAdminSmoke" time="26.980" errors="0" timestamp="2023-10-26T12:24:57 IST" skipped="0">
  <testcase classname="Smoke.DevAdminSmoke" name="LoginAndLogoutAdmin" time="26.980"/>
  <system-out/>
</testsuite> <!-- Smoke.DevAdminSmoke -->
