<?xml version="1.0" encoding="UTF-8"?>
<!-- Generated by org.testng.reporters.JUnitReportReporter -->
<testsuite hostname="DESKTOP-8GRRA8G" failures="0" tests="1" name="appFebiai.LoginAppFebi2" time="22.269" errors="0" timestamp="2023-10-26T11:56:18 IST" skipped="0">
  <testcase classname="appFebiai.LoginAppFebi2" name="LoginUser" time="22.269"/>
  <system-out/>
</testsuite> <!-- appFebiai.LoginAppFebi2 -->
