<?xml version="1.0" encoding="UTF-8"?>
<!-- Generated by org.testng.reporters.JUnitReportReporter -->
<testsuite hostname="DESKTOP-8GRRA8G" failures="0" tests="1" name="DevAppFebi.userManagement" time="89.322" errors="0" timestamp="2023-09-19T11:44:00 IST" skipped="0">
  <testcase classname="DevAppFebi.userManagement" name="usermangement" time="89.322"/>
  <system-out/>
</testsuite> <!-- DevAppFebi.userManagement -->
