<?xml version="1.0" encoding="UTF-8"?>
<!-- Generated by org.testng.reporters.JUnitReportReporter -->
<testsuite hostname="DESKTOP-8GRRA8G" failures="0" tests="1" name="DevAppFebi.invoices" time="38.571" errors="0" timestamp="2023-06-22T16:55:41 IST" skipped="0">
  <testcase classname="DevAppFebi.invoices" name="Invoices" time="38.571"/>
  <system-out/>
</testsuite> <!-- DevAppFebi.invoices -->
