<?xml version="1.0" encoding="UTF-8"?>
<!-- Generated by org.testng.reporters.JUnitReportReporter -->
<testsuite hostname="DESKTOP-8GRRA8G" failures="0" tests="1" name="appFebiai.FileUpload" time="31.029" errors="0" timestamp="2023-09-14T12:22:17 IST" skipped="0">
  <testcase classname="appFebiai.FileUpload" name="uploaddiffway" time="31.029"/>
  <system-out/>
</testsuite> <!-- appFebiai.FileUpload -->
