<?xml version="1.0" encoding="UTF-8"?>
<!-- Generated by org.testng.reporters.JUnitReportReporter -->
<testsuite hostname="DESKTOP-8GRRA8G" failures="0" tests="2" name="Smoke.ProdexecutiveSmoke" time="17.024" errors="0" timestamp="2023-11-08T11:29:42 IST" skipped="0">
  <testcase classname="Smoke.ProdexecutiveSmoke" name="ExecutiveLoginFileManagementLogout" time="11.879"/>
  <system-out/>
  <testcase classname="Smoke.ProdexecutiveSmoke" name="ProdExecutive" time="5.145"/>
  <system-out/>
</testsuite> <!-- Smoke.ProdexecutiveSmoke -->
