<?xml version="1.0" encoding="UTF-8"?>
<!-- Generated by org.testng.reporters.JUnitReportReporter -->
<testsuite hostname="DESKTOP-8GRRA8G" failures="0" tests="2" name="Smoke.DevAppSmoke" time="37.567" errors="0" timestamp="2023-10-16T15:40:57 IST" skipped="0">
  <testcase classname="Smoke.DevAppSmoke" name="devappuser" time="13.792"/>
  <system-out/>
  <testcase classname="Smoke.DevAppSmoke" name="userLoginUploadInvoiceSuspenseJVFilesReportsFAQHelpcenterLogout" time="23.775"/>
  <system-out/>
</testsuite> <!-- Smoke.DevAppSmoke -->
