<?xml version="1.0" encoding="UTF-8"?>
<!-- Generated by org.testng.reporters.JUnitReportReporter -->
<testsuite hostname="DESKTOP-8GRRA8G" failures="0" tests="4" name="test.InputSectionFebi" time="225.750" errors="0" timestamp="2023-05-16T10:40:32 IST" skipped="0">
  <testcase classname="test.InputSectionFebi" name="FilesTest" time="63.039"/>
  <system-out/>
  <testcase classname="test.InputSectionFebi" name="ClickOnInputElement" time="79.685"/>
  <system-out/>
  <testcase classname="test.InputSectionFebi" name="TestJournalVouchers" time="24.765"/>
  <system-out/>
  <testcase classname="test.InputSectionFebi" name="Report" time="58.261"/>
  <system-out/>
</testsuite> <!-- test.InputSectionFebi -->
