<?xml version="1.0" encoding="UTF-8"?>
<!-- Generated by org.testng.reporters.JUnitReportReporter -->
<testsuite hostname="DESKTOP-8GRRA8G" failures="0" tests="2" name="executivefebi.executiveLoginLogout" time="32.433" errors="0" timestamp="2023-07-31T12:58:39 IST" skipped="0">
  <testcase classname="executivefebi.executiveLoginLogout" name="forgetpassword" time="12.339"/>
  <system-out/>
  <testcase classname="executivefebi.executiveLoginLogout" name="executive" time="20.094"/>
  <system-out/>
</testsuite> <!-- executivefebi.executiveLoginLogout -->
