<?xml version="1.0" encoding="UTF-8"?>
<!-- Generated by org.testng.reporters.JUnitReportReporter -->
<testsuite hostname="DESKTOP-8GRRA8G" failures="0" tests="1" name="DevAppFebi.userManagementRole" time="84.366" errors="0" timestamp="2023-11-21T14:54:59 IST" skipped="0">
  <testcase classname="DevAppFebi.userManagementRole" name="usermangementRole" time="84.366"/>
  <system-out/>
</testsuite> <!-- DevAppFebi.userManagementRole -->
