<?xml version="1.0" encoding="UTF-8"?>
<!-- Generated by org.testng.reporters.JUnitReportReporter -->
<testsuite hostname="DESKTOP-8GRRA8G" failures="0" tests="1" name="devAdminFebiAi.Data" time="15.783" errors="0" timestamp="2023-05-25T15:48:16 IST" skipped="0">
  <testcase classname="devAdminFebiAi.Data" name="DataReportFiles" time="15.783"/>
  <system-out/>
</testsuite> <!-- devAdminFebiAi.Data -->
