<?xml version="1.0" encoding="UTF-8"?>
<!-- Generated by org.testng.reporters.JUnitReportReporter -->
<testsuite hostname="DESKTOP-8GRRA8G" failures="0" tests="1" name="devAdminFebiAi.loginPage" time="17.061" errors="0" timestamp="2023-07-20T11:00:32 IST" skipped="0">
  <testcase classname="devAdminFebiAi.loginPage" name="login" time="17.061"/>
  <system-out/>
</testsuite> <!-- devAdminFebiAi.loginPage -->
